<?xml version="1.0" encoding="UTF-8"?>
<testng-results skipped="0" failed="0" ignored="0" total="1" passed="1">
  <reporter-output>
  </reporter-output>
  <suite name="Suite" duration-ms="26912" started-at="2020-09-08T21:53:13 IST" finished-at="2020-09-08T21:53:40 IST">
    <groups>
    </groups>
    <test name="Test" duration-ms="26912" started-at="2020-09-08T21:53:13 IST" finished-at="2020-09-08T21:53:40 IST">
      <class name="EventHandling.FileDownloadUsingChrome">
        <test-method status="PASS" signature="browserSetup()[pri:0, instance:EventHandling.FileDownloadUsingChrome@4973813a]" name="browserSetup" is-config="true" duration-ms="12973" started-at="2020-09-08T21:53:13 IST" finished-at="2020-09-08T21:53:26 IST">
          <reporter-output>
          </reporter-output>
        </test-method> <!-- browserSetup -->
        <test-method status="PASS" signature="downloadingFile()[pri:0, instance:EventHandling.FileDownloadUsingChrome@4973813a]" name="downloadingFile" duration-ms="10242" started-at="2020-09-08T21:53:26 IST" finished-at="2020-09-08T21:53:36 IST">
          <reporter-output>
          </reporter-output>
        </test-method> <!-- downloadingFile -->
        <test-method status="PASS" signature="browserClose()[pri:0, instance:EventHandling.FileDownloadUsingChrome@4973813a]" name="browserClose" is-config="true" duration-ms="3652" started-at="2020-09-08T21:53:36 IST" finished-at="2020-09-08T21:53:40 IST">
          <reporter-output>
          </reporter-output>
        </test-method> <!-- browserClose -->
      </class> <!-- EventHandling.FileDownloadUsingChrome -->
    </test> <!-- Test -->
  </suite> <!-- Suite -->
</testng-results>
